<html>
<head>
<title>TestNG:  UItestsuite</title>
<link href="../testng.css" rel="stylesheet" type="text/css" />
<link href="../my-testng.css" rel="stylesheet" type="text/css" />

<style type="text/css">
.log { display: none;} 
.stack-trace { display: none;} 
</style>
<script type="text/javascript">
<!--
function flip(e) {
  current = e.style.display;
  if (current == 'block') {
    e.style.display = 'none';
    return 0;
  }
  else {
    e.style.display = 'block';
    return 1;
  }
}

function toggleBox(szDivId, elem, msg1, msg2)
{
  var res = -1;  if (document.getElementById) {
    res = flip(document.getElementById(szDivId));
  }
  else if (document.all) {
    // this is the way old msie versions work
    res = flip(document.all[szDivId]);
  }
  if(elem) {
    if(res == 0) elem.innerHTML = msg1; else elem.innerHTML = msg2;
  }

}

function toggleAllBoxes() {
  if (document.getElementsByTagName) {
    d = document.getElementsByTagName('div');
    for (i = 0; i < d.length; i++) {
      if (d[i].className == 'log') {
        flip(d[i]);
      }
    }
  }
}

// -->
</script>

</head>
<body>
<h2 align='center'>UItestsuite</h2><table border='1' align="center">
<tr>
<td>Tests passed/Failed/Skipped:</td><td>1/1/0</td>
</tr><tr>
<td>Started on:</td><td>Wed Dec 05 23:12:26 IST 2018</td>
</tr>
<tr><td>Total time:</td><td>29 seconds (29606 ms)</td>
</tr><tr>
<td>Included groups:</td><td></td>
</tr><tr>
<td>Excluded groups:</td><td></td>
</tr>
</table><p/>
<small><i>(Hover the method name to see the test class name)</i></small><p/>
<table width='100%' border='1' class='invocation-failed'>
<tr><td colspan='4' align='center'><b>FAILED TESTS</b></td></tr>
<tr><td><b>Test method</b></td>
<td width="30%"><b>Exception</b></td>
<td width="10%"><b>Time (seconds)</b></td>
<td><b>Instance</b></td>
</tr>
<tr>
<td title='testsuite.UItestsuite.TC2_Check_Available_Tickets()'><b>TC2_Check_Available_Tickets</b><br>Test class: testsuite.UItestsuite<br/>
<a href="#Output-1297189682" onClick='toggleBox("Output-1297189682", this, "Show output", "Hide output");'>Show output</a>

<a href="#Output-1297189682" onClick="toggleAllBoxes();">Show all outputs</a>
<div class='log' id="Output-1297189682">
Validating Web Element with property (//div/input[@name="Departure airport"])[1]<br/>
Element highlight [[ChromeDriver: chrome on XP (3878072bc122cbc4188b0a54a0c555f2)] -> xpath: (//div/input[@name="Departure airport"])[1]] is success!<br/>
Validating Web Element with property (//div/input[@name="Departure airport"])[1]<br/>
Element highlight [[ChromeDriver: chrome on XP (3878072bc122cbc4188b0a54a0c555f2)] -> xpath: (//div/input[@name="Departure airport"])[1]] is success!<br/>
Validating Web Element with property (//div/input[@name="Arrival airport"])[1]<br/>
Element highlight [[ChromeDriver: chrome on XP (3878072bc122cbc4188b0a54a0c555f2)] -> xpath: (//div/input[@name="Arrival airport"])[1]] is success!<br/>
Validating Web Element with property (//div/input[@name="Arrival airport"])[1]<br/>
Element highlight [[ChromeDriver: chrome on XP (3878072bc122cbc4188b0a54a0c555f2)] -> xpath: (//div/input[@name="Arrival airport"])[1]] is success!<br/>
Able to locate the Departure and Arrival dropdowns<br/>
Validating Web Element with property //input[@class="checkbox__input js-one-way control__one-way"]<br/>
Element highlight [[ChromeDriver: chrome on XP (3878072bc122cbc4188b0a54a0c555f2)] -> xpath: //input[@class="checkbox__input js-one-way control__one-way"]] is success!<br/>
Unable to validate//input[@class="checkbox__input js-one-way control__one-way"]UI element<br/>
</div>
</td>
<td><div><pre>java.lang.AssertionError: uiElement is not identified or not clickable.
	at Operations.BusinessOps.validateNClickUiElement(BusinessOps.java:43)
	at testsuite.UItestsuite.TC2_Check_Available_Tickets(UItestsuite.java:94)
	at testsuite.MainExecutor.main(MainExecutor.java:16)
... Removed 23 stack frames</pre></div><a href='#' onClick='toggleBox("stack-trace1297189682", this, "Click to show all stack frames", "Click to hide stack frames")'>Click to show all stack frames</a>
<div class='stack-trace' id='stack-trace1297189682'><pre>java.lang.AssertionError: uiElement is not identified or not clickable.
	at org.testng.Assert.fail(Assert.java:96)
	at Operations.BusinessOps.validateNClickUiElement(BusinessOps.java:43)
	at testsuite.UItestsuite.TC2_Check_Available_Tickets(UItestsuite.java:94)
	at sun.reflect.NativeMethodAccessorImpl.invoke0(Native Method)
	at sun.reflect.NativeMethodAccessorImpl.invoke(Unknown Source)
	at sun.reflect.DelegatingMethodAccessorImpl.invoke(Unknown Source)
	at java.lang.reflect.Method.invoke(Unknown Source)
	at org.testng.internal.MethodInvocationHelper.invokeMethod(MethodInvocationHelper.java:124)
	at org.testng.internal.Invoker.invokeMethod(Invoker.java:583)
	at org.testng.internal.Invoker.invokeTestMethod(Invoker.java:719)
	at org.testng.internal.Invoker.invokeTestMethods(Invoker.java:989)
	at org.testng.internal.TestMethodWorker.invokeTestMethods(TestMethodWorker.java:125)
	at org.testng.internal.TestMethodWorker.run(TestMethodWorker.java:109)
	at org.testng.TestRunner.privateRun(TestRunner.java:648)
	at org.testng.TestRunner.run(TestRunner.java:505)
	at org.testng.SuiteRunner.runTest(SuiteRunner.java:455)
	at org.testng.SuiteRunner.runSequentially(SuiteRunner.java:450)
	at org.testng.SuiteRunner.privateRun(SuiteRunner.java:415)
	at org.testng.SuiteRunner.run(SuiteRunner.java:364)
	at org.testng.SuiteRunnerWorker.runSuite(SuiteRunnerWorker.java:52)
	at org.testng.SuiteRunnerWorker.run(SuiteRunnerWorker.java:84)
	at org.testng.TestNG.runSuitesSequentially(TestNG.java:1208)
	at org.testng.TestNG.runSuitesLocally(TestNG.java:1137)
	at org.testng.TestNG.runSuites(TestNG.java:1049)
	at org.testng.TestNG.run(TestNG.java:1017)
	at testsuite.MainExecutor.main(MainExecutor.java:16)
</pre></div></td>
<td>10</td>
<td>testsuite.UItestsuite@4157f54e</td></tr>
</table><p>
<table width='100%' border='1' class='invocation-passed'>
<tr><td colspan='4' align='center'><b>PASSED TESTS</b></td></tr>
<tr><td><b>Test method</b></td>
<td width="30%"><b>Exception</b></td>
<td width="10%"><b>Time (seconds)</b></td>
<td><b>Instance</b></td>
</tr>
<tr>
<td title='testsuite.UItestsuite.TC1_Launch_Emirates_Travel_Website()'><b>TC1_Launch_Emirates_Travel_Website</b><br>Test class: testsuite.UItestsuite<br/>
<a href="#Output-859236022" onClick='toggleBox("Output-859236022", this, "Show output", "Hide output");'>Show output</a>

<a href="#Output-859236022" onClick="toggleAllBoxes();">Show all outputs</a>
<div class='log' id="Output-859236022">
Element highlight [[ChromeDriver: chrome on XP (3878072bc122cbc4188b0a54a0c555f2)] -> xpath: //a[@href='/ae/english/']/img[@class='initial loading']] is success!<br/>
Validation of Emirates homepage is successful<br/>
</div>
</td>
<td></td>
<td>1</td>
<td>testsuite.UItestsuite@4157f54e</td></tr>
</table><p>
</body>
</html>