<?xml version="1.0" encoding="UTF-8"?>
<testng-results skipped="0" failed="1" ignored="0" total="2" passed="1">
  <reporter-output>
    <line>
      <![CDATA[*************************************]]>
    </line>
    <line>
      <![CDATA[launching chrome browser............]]>
    </line>
    <line>
      <![CDATA[in SetupChrome]]>
    </line>
    <line>
      <![CDATA[In Openbrowser]]>
    </line>
    <line>
      <![CDATA[Element highlight [[ChromeDriver: chrome on XP (3878072bc122cbc4188b0a54a0c555f2)] -> xpath: //a[@href='/ae/english/']/img[@class='initial loading']] is success!]]>
    </line>
    <line>
      <![CDATA[Validation of Emirates homepage is successful]]>
    </line>
    <line>
      <![CDATA[Validating Web Element with property (//div/input[@name="Departure airport"])[1]]]>
    </line>
    <line>
      <![CDATA[Element highlight [[ChromeDriver: chrome on XP (3878072bc122cbc4188b0a54a0c555f2)] -> xpath: (//div/input[@name="Departure airport"])[1]] is success!]]>
    </line>
    <line>
      <![CDATA[Validating Web Element with property (//div/input[@name="Departure airport"])[1]]]>
    </line>
    <line>
      <![CDATA[Element highlight [[ChromeDriver: chrome on XP (3878072bc122cbc4188b0a54a0c555f2)] -> xpath: (//div/input[@name="Departure airport"])[1]] is success!]]>
    </line>
    <line>
      <![CDATA[Validating Web Element with property (//div/input[@name="Arrival airport"])[1]]]>
    </line>
    <line>
      <![CDATA[Element highlight [[ChromeDriver: chrome on XP (3878072bc122cbc4188b0a54a0c555f2)] -> xpath: (//div/input[@name="Arrival airport"])[1]] is success!]]>
    </line>
    <line>
      <![CDATA[Validating Web Element with property (//div/input[@name="Arrival airport"])[1]]]>
    </line>
    <line>
      <![CDATA[Element highlight [[ChromeDriver: chrome on XP (3878072bc122cbc4188b0a54a0c555f2)] -> xpath: (//div/input[@name="Arrival airport"])[1]] is success!]]>
    </line>
    <line>
      <![CDATA[Able to locate the Departure and Arrival dropdowns]]>
    </line>
    <line>
      <![CDATA[Validating Web Element with property //input[@class="checkbox__input js-one-way control__one-way"]]]>
    </line>
    <line>
      <![CDATA[Element highlight [[ChromeDriver: chrome on XP (3878072bc122cbc4188b0a54a0c555f2)] -> xpath: //input[@class="checkbox__input js-one-way control__one-way"]] is success!]]>
    </line>
    <line>
      <![CDATA[Unable to validate//input[@class="checkbox__input js-one-way control__one-way"]UI element]]>
    </line>
  </reporter-output>
  <suite name="Suite" duration-ms="29606" started-at="2018-12-05T17:42:26Z" finished-at="2018-12-05T17:42:55Z">
    <groups>
    </groups>
    <test name="UItestsuite" duration-ms="29606" started-at="2018-12-05T17:42:26Z" finished-at="2018-12-05T17:42:55Z">
      <class name="testsuite.UItestsuite">
        <test-method status="PASS" signature="setup()[pri:0, instance:testsuite.UItestsuite@4157f54e]" name="setup" is-config="true" duration-ms="17501" started-at="2018-12-05T17:42:26Z" finished-at="2018-12-05T17:42:43Z">
          <reporter-output>
            <line>
              <![CDATA[*************************************]]>
            </line>
            <line>
              <![CDATA[launching chrome browser............]]>
            </line>
            <line>
              <![CDATA[in SetupChrome]]>
            </line>
            <line>
              <![CDATA[In Openbrowser]]>
            </line>
          </reporter-output>
        </test-method> <!-- setup -->
        <test-method status="PASS" signature="TC1_Launch_Emirates_Travel_Website()[pri:1, instance:testsuite.UItestsuite@4157f54e]" name="TC1_Launch_Emirates_Travel_Website" duration-ms="1176" started-at="2018-12-05T17:42:43Z" finished-at="2018-12-05T17:42:44Z">
          <reporter-output>
            <line>
              <![CDATA[Element highlight [[ChromeDriver: chrome on XP (3878072bc122cbc4188b0a54a0c555f2)] -> xpath: //a[@href='/ae/english/']/img[@class='initial loading']] is success!]]>
            </line>
            <line>
              <![CDATA[Validation of Emirates homepage is successful]]>
            </line>
          </reporter-output>
        </test-method> <!-- TC1_Launch_Emirates_Travel_Website -->
        <test-method status="FAIL" signature="TC2_Check_Available_Tickets()[pri:1, instance:testsuite.UItestsuite@4157f54e]" name="TC2_Check_Available_Tickets" duration-ms="10906" started-at="2018-12-05T17:42:44Z" finished-at="2018-12-05T17:42:55Z">
          <exception class="java.lang.AssertionError">
            <message>
              <![CDATA[uiElement is not identified or not clickable.]]>
            </message>
            <full-stacktrace>
              <![CDATA[java.lang.AssertionError: uiElement is not identified or not clickable.
at org.testng.Assert.fail(Assert.java:96)
at Operations.BusinessOps.validateNClickUiElement(BusinessOps.java:43)
at testsuite.UItestsuite.TC2_Check_Available_Tickets(UItestsuite.java:94)
at sun.reflect.NativeMethodAccessorImpl.invoke0(Native Method)
at sun.reflect.NativeMethodAccessorImpl.invoke(Unknown Source)
at sun.reflect.DelegatingMethodAccessorImpl.invoke(Unknown Source)
at java.lang.reflect.Method.invoke(Unknown Source)
at org.testng.internal.MethodInvocationHelper.invokeMethod(MethodInvocationHelper.java:124)
at org.testng.internal.Invoker.invokeMethod(Invoker.java:583)
at org.testng.internal.Invoker.invokeTestMethod(Invoker.java:719)
at org.testng.internal.Invoker.invokeTestMethods(Invoker.java:989)
at org.testng.internal.TestMethodWorker.invokeTestMethods(TestMethodWorker.java:125)
at org.testng.internal.TestMethodWorker.run(TestMethodWorker.java:109)
at org.testng.TestRunner.privateRun(TestRunner.java:648)
at org.testng.TestRunner.run(TestRunner.java:505)
at org.testng.SuiteRunner.runTest(SuiteRunner.java:455)
at org.testng.SuiteRunner.runSequentially(SuiteRunner.java:450)
at org.testng.SuiteRunner.privateRun(SuiteRunner.java:415)
at org.testng.SuiteRunner.run(SuiteRunner.java:364)
at org.testng.SuiteRunnerWorker.runSuite(SuiteRunnerWorker.java:52)
at org.testng.SuiteRunnerWorker.run(SuiteRunnerWorker.java:84)
at org.testng.TestNG.runSuitesSequentially(TestNG.java:1208)
at org.testng.TestNG.runSuitesLocally(TestNG.java:1137)
at org.testng.TestNG.runSuites(TestNG.java:1049)
at org.testng.TestNG.run(TestNG.java:1017)
at testsuite.MainExecutor.main(MainExecutor.java:16)
]]>
            </full-stacktrace>
          </exception> <!-- java.lang.AssertionError -->
          <reporter-output>
            <line>
              <![CDATA[Validating Web Element with property (//div/input[@name="Departure airport"])[1]]]>
            </line>
            <line>
              <![CDATA[Element highlight [[ChromeDriver: chrome on XP (3878072bc122cbc4188b0a54a0c555f2)] -> xpath: (//div/input[@name="Departure airport"])[1]] is success!]]>
            </line>
            <line>
              <![CDATA[Validating Web Element with property (//div/input[@name="Departure airport"])[1]]]>
            </line>
            <line>
              <![CDATA[Element highlight [[ChromeDriver: chrome on XP (3878072bc122cbc4188b0a54a0c555f2)] -> xpath: (//div/input[@name="Departure airport"])[1]] is success!]]>
            </line>
            <line>
              <![CDATA[Validating Web Element with property (//div/input[@name="Arrival airport"])[1]]]>
            </line>
            <line>
              <![CDATA[Element highlight [[ChromeDriver: chrome on XP (3878072bc122cbc4188b0a54a0c555f2)] -> xpath: (//div/input[@name="Arrival airport"])[1]] is success!]]>
            </line>
            <line>
              <![CDATA[Validating Web Element with property (//div/input[@name="Arrival airport"])[1]]]>
            </line>
            <line>
              <![CDATA[Element highlight [[ChromeDriver: chrome on XP (3878072bc122cbc4188b0a54a0c555f2)] -> xpath: (//div/input[@name="Arrival airport"])[1]] is success!]]>
            </line>
            <line>
              <![CDATA[Able to locate the Departure and Arrival dropdowns]]>
            </line>
            <line>
              <![CDATA[Validating Web Element with property //input[@class="checkbox__input js-one-way control__one-way"]]]>
            </line>
            <line>
              <![CDATA[Element highlight [[ChromeDriver: chrome on XP (3878072bc122cbc4188b0a54a0c555f2)] -> xpath: //input[@class="checkbox__input js-one-way control__one-way"]] is success!]]>
            </line>
            <line>
              <![CDATA[Unable to validate//input[@class="checkbox__input js-one-way control__one-way"]UI element]]>
            </line>
          </reporter-output>
        </test-method> <!-- TC2_Check_Available_Tickets -->
      </class> <!-- testsuite.UItestsuite -->
    </test> <!-- UItestsuite -->
  </suite> <!-- Suite -->
</testng-results>
