<?xml version="1.0" encoding="UTF-8"?>
<!-- Generated by org.testng.reporters.JUnitReportReporter -->
<testsuite skipped="0" hostname="PARVEZBS01" name="testsuite.UItestsuite" tests="2" failures="1" timestamp="05 Dec 2018 17:42:56 GMT" time="12.082" errors="0">
  <testcase name="TC1_Launch_Emirates_Travel_Website" time="1.176" classname="testsuite.UItestsuite"/>
  <testcase name="TC2_Check_Available_Tickets" time="10.906" classname="testsuite.UItestsuite">
    <failure type="java.lang.AssertionError" message="uiElement is not identified or not clickable.">
      <![CDATA[java.lang.AssertionError: uiElement is not identified or not clickable.
at org.testng.Assert.fail(Assert.java:96)
at Operations.BusinessOps.validateNClickUiElement(BusinessOps.java:43)
at testsuite.UItestsuite.TC2_Check_Available_Tickets(UItestsuite.java:94)
at sun.reflect.NativeMethodAccessorImpl.invoke0(Native Method)
at sun.reflect.NativeMethodAccessorImpl.invoke(Unknown Source)
at sun.reflect.DelegatingMethodAccessorImpl.invoke(Unknown Source)
at java.lang.reflect.Method.invoke(Unknown Source)
at org.testng.internal.MethodInvocationHelper.invokeMethod(MethodInvocationHelper.java:124)
at org.testng.internal.Invoker.invokeMethod(Invoker.java:583)
at org.testng.internal.Invoker.invokeTestMethod(Invoker.java:719)
at org.testng.internal.Invoker.invokeTestMethods(Invoker.java:989)
at org.testng.internal.TestMethodWorker.invokeTestMethods(TestMethodWorker.java:125)
at org.testng.internal.TestMethodWorker.run(TestMethodWorker.java:109)
at org.testng.TestRunner.privateRun(TestRunner.java:648)
at org.testng.TestRunner.run(TestRunner.java:505)
at org.testng.SuiteRunner.runTest(SuiteRunner.java:455)
at org.testng.SuiteRunner.runSequentially(SuiteRunner.java:450)
at org.testng.SuiteRunner.privateRun(SuiteRunner.java:415)
at org.testng.SuiteRunner.run(SuiteRunner.java:364)
at org.testng.SuiteRunnerWorker.runSuite(SuiteRunnerWorker.java:52)
at org.testng.SuiteRunnerWorker.run(SuiteRunnerWorker.java:84)
at org.testng.TestNG.runSuitesSequentially(TestNG.java:1208)
at org.testng.TestNG.runSuitesLocally(TestNG.java:1137)
at org.testng.TestNG.runSuites(TestNG.java:1049)
at org.testng.TestNG.run(TestNG.java:1017)
at testsuite.MainExecutor.main(MainExecutor.java:16)
]]>
    </failure>
  </testcase> <!-- TC2_Check_Available_Tickets -->
</testsuite> <!-- testsuite.UItestsuite -->
